<?xml version="1.0" encoding="UTF-8"?>
<coverage generated="1748681732156" clover="3.2.0">
  <project timestamp="1748681732156" name="All files">
    <metrics statements="84" coveredstatements="76" conditionals="26" coveredconditionals="21" methods="31" coveredmethods="28" elements="141" coveredelements="125" complexity="0" loc="84" ncloc="84" packages="2" files="9" classes="9"/>
    <package name="components">
      <metrics statements="83" coveredstatements="75" conditionals="26" coveredconditionals="21" methods="31" coveredmethods="28"/>
      <file name="Cart.jsx" path="/Users/ashayasinha/Documents/Work/NAMASTE-REACT/src/components/Cart.jsx">
        <metrics statements="6" coveredstatements="6" conditionals="2" coveredconditionals="2" methods="3" coveredmethods="3"/>
        <line num="5" count="1" type="stmt"/>
        <line num="6" count="8" type="stmt"/>
        <line num="7" count="4" type="stmt"/>
        <line num="9" count="4" type="stmt"/>
        <line num="10" count="1" type="stmt"/>
        <line num="12" count="4" type="stmt"/>
      </file>
      <file name="Contact.js" path="/Users/ashayasinha/Documents/Work/NAMASTE-REACT/src/components/Contact.js">
        <metrics statements="2" coveredstatements="2" conditionals="0" coveredconditionals="0" methods="1" coveredmethods="1"/>
        <line num="1" count="1" type="stmt"/>
        <line num="2" count="3" type="stmt"/>
      </file>
      <file name="ItemList.jsx" path="/Users/ashayasinha/Documents/Work/NAMASTE-REACT/src/components/ItemList.jsx">
        <metrics statements="8" coveredstatements="8" conditionals="4" coveredconditionals="3" methods="4" coveredmethods="4"/>
        <line num="4" count="1" type="stmt"/>
        <line num="5" count="1" type="stmt"/>
        <line num="7" count="5" type="stmt"/>
        <line num="8" count="5" type="stmt"/>
        <line num="9" count="2" type="stmt"/>
        <line num="11" count="5" type="stmt"/>
        <line num="13" count="8" type="stmt"/>
        <line num="19" count="2" type="stmt"/>
      </file>
      <file name="RestaurantCard.js" path="/Users/ashayasinha/Documents/Work/NAMASTE-REACT/src/components/RestaurantCard.js">
        <metrics statements="6" coveredstatements="4" conditionals="4" coveredconditionals="3" methods="1" coveredmethods="1"/>
        <line num="1" count="2" type="stmt"/>
        <line num="2" count="58" type="cond" truecount="3" falsecount="1"/>
        <line num="3" count="0" type="stmt"/>
        <line num="4" count="0" type="stmt"/>
        <line num="6" count="58" type="stmt"/>
        <line num="9" count="58" type="stmt"/>
      </file>
      <file name="RestaurantMenu.js" path="/Users/ashayasinha/Documents/Work/NAMASTE-REACT/src/components/RestaurantMenu.js">
        <metrics statements="21" coveredstatements="21" conditionals="8" coveredconditionals="8" methods="5" coveredmethods="5"/>
        <line num="8" count="1" type="stmt"/>
        <line num="10" count="3" type="stmt"/>
        <line num="12" count="3" type="stmt"/>
        <line num="13" count="3" type="stmt"/>
        <line num="16" count="3" type="cond" truecount="2" falsecount="0"/>
        <line num="18" count="2" type="stmt"/>
        <line num="20" count="2" type="stmt"/>
        <line num="21" count="2" type="stmt"/>
        <line num="22" count="2" type="stmt"/>
        <line num="23" count="2" type="stmt"/>
        <line num="24" count="28" type="stmt"/>
        <line num="25" count="28" type="stmt"/>
        <line num="26" count="28" type="stmt"/>
        <line num="27" count="28" type="cond" truecount="4" falsecount="0"/>
        <line num="28" count="12" type="stmt"/>
        <line num="32" count="2" type="stmt"/>
        <line num="34" count="28" type="stmt"/>
        <line num="35" count="2" type="stmt"/>
        <line num="39" count="2" type="stmt"/>
        <line num="43" count="12" type="stmt"/>
        <line num="45" count="1" type="stmt"/>
      </file>
      <file name="body.js" path="/Users/ashayasinha/Documents/Work/NAMASTE-REACT/src/components/body.js">
        <metrics statements="32" coveredstatements="26" conditionals="6" coveredconditionals="4" methods="13" coveredmethods="10"/>
        <line num="8" count="1" type="stmt"/>
        <line num="9" count="4" type="stmt"/>
        <line num="10" count="4" type="stmt"/>
        <line num="12" count="4" type="stmt"/>
        <line num="13" count="1" type="stmt"/>
        <line num="16" count="4" type="stmt"/>
        <line num="17" count="1" type="stmt"/>
        <line num="18" count="1" type="stmt"/>
        <line num="22" count="1" type="stmt"/>
        <line num="23" count="1" type="stmt"/>
        <line num="25" count="1" type="stmt"/>
        <line num="27" count="12" type="stmt"/>
        <line num="29" count="12" type="stmt"/>
        <line num="32" count="1" type="stmt"/>
        <line num="34" count="28" type="stmt"/>
        <line num="47" count="1" type="stmt"/>
        <line num="50" count="0" type="stmt"/>
        <line num="54" count="4" type="stmt"/>
        <line num="55" count="4" type="cond" truecount="1" falsecount="1"/>
        <line num="58" count="4" type="stmt"/>
        <line num="61" count="4" type="cond" truecount="2" falsecount="0"/>
        <line num="65" count="1" type="stmt"/>
        <line num="68" count="1" type="stmt"/>
        <line num="70" count="1" type="stmt"/>
        <line num="71" count="28" type="stmt"/>
        <line num="74" count="1" type="stmt"/>
        <line num="83" count="0" type="stmt"/>
        <line num="84" count="0" type="stmt"/>
        <line num="86" count="0" type="stmt"/>
        <line num="87" count="0" type="stmt"/>
        <line num="98" count="0" type="stmt"/>
        <line num="108" count="57" type="stmt"/>
      </file>
      <file name="header.js" path="/Users/ashayasinha/Documents/Work/NAMASTE-REACT/src/components/header.js">
        <metrics statements="6" coveredstatements="6" conditionals="2" coveredconditionals="1" methods="3" coveredmethods="3"/>
        <line num="6" count="2" type="stmt"/>
        <line num="8" count="9" type="stmt"/>
        <line num="10" count="9" type="stmt"/>
        <line num="12" count="17" type="stmt"/>
        <line num="14" count="9" type="stmt"/>
        <line num="29" count="1" type="cond" truecount="1" falsecount="1"/>
      </file>
      <file name="sum.js" path="/Users/ashayasinha/Documents/Work/NAMASTE-REACT/src/components/sum.js">
        <metrics statements="2" coveredstatements="2" conditionals="0" coveredconditionals="0" methods="1" coveredmethods="1"/>
        <line num="1" count="1" type="stmt"/>
        <line num="2" count="1" type="stmt"/>
      </file>
    </package>
    <package name="utils">
      <metrics statements="1" coveredstatements="1" conditionals="0" coveredconditionals="0" methods="0" coveredmethods="0"/>
      <file name="appStore.jsx" path="/Users/ashayasinha/Documents/Work/NAMASTE-REACT/src/utils/appStore.jsx">
        <metrics statements="1" coveredstatements="1" conditionals="0" coveredconditionals="0" methods="0" coveredmethods="0"/>
        <line num="4" count="2" type="stmt"/>
      </file>
    </package>
  </project>
</coverage>
