{"/Users/ashayasinha/Documents/Work/NAMASTE-REACT/src/components/Cart.jsx": {"path":"/Users/ashayasinha/Documents/Work/NAMASTE-REACT/src/components/Cart.jsx","statementMap":{"0":{"start":{"line":5,"column":13},"end":{"line":25,"column":1}},"1":{"start":{"line":6,"column":22},"end":{"line":6,"column":62}},"2":{"start":{"line":6,"column":45},"end":{"line":6,"column":61}},"3":{"start":{"line":7,"column":21},"end":{"line":7,"column":34}},"4":{"start":{"line":9,"column":28},"end":{"line":11,"column":5}},"5":{"start":{"line":10,"column":8},"end":{"line":10,"column":30}},"6":{"start":{"line":12,"column":4},"end":{"line":24,"column":6}}},"fnMap":{"0":{"name":"(anonymous_0)","decl":{"start":{"line":5,"column":13},"end":{"line":5,"column":14}},"loc":{"start":{"line":5,"column":19},"end":{"line":25,"column":1}},"line":5},"1":{"name":"(anonymous_1)","decl":{"start":{"line":6,"column":34},"end":{"line":6,"column":35}},"loc":{"start":{"line":6,"column":45},"end":{"line":6,"column":61}},"line":6},"2":{"name":"(anonymous_2)","decl":{"start":{"line":9,"column":28},"end":{"line":9,"column":29}},"loc":{"start":{"line":9,"column":34},"end":{"line":11,"column":5}},"line":9}},"branchMap":{"0":{"loc":{"start":{"line":20,"column":17},"end":{"line":20,"column":96}},"type":"binary-expr","locations":[{"start":{"line":20,"column":17},"end":{"line":20,"column":39}},{"start":{"line":20,"column":43},"end":{"line":20,"column":96}}],"line":20}},"s":{"0":1,"1":4,"2":8,"3":4,"4":4,"5":1,"6":4},"f":{"0":4,"1":8,"2":1},"b":{"0":[4,2]},"_coverageSchema":"1a1c01bbd47fc00a2c39e90264f33305004495a9","hash":"a68756844e74d79c9f7587751cf03ecfea0c1a4c"}
,"/Users/ashayasinha/Documents/Work/NAMASTE-REACT/src/components/Contact.js": {"path":"/Users/ashayasinha/Documents/Work/NAMASTE-REACT/src/components/Contact.js","statementMap":{"0":{"start":{"line":1,"column":16},"end":{"line":12,"column":1}},"1":{"start":{"line":2,"column":4},"end":{"line":11,"column":6}}},"fnMap":{"0":{"name":"(anonymous_0)","decl":{"start":{"line":1,"column":16},"end":{"line":1,"column":17}},"loc":{"start":{"line":1,"column":22},"end":{"line":12,"column":1}},"line":1}},"branchMap":{},"s":{"0":1,"1":3},"f":{"0":3},"b":{},"_coverageSchema":"1a1c01bbd47fc00a2c39e90264f33305004495a9","hash":"04c3e59f97bc8536799d5156e07c575584ecf012"}
,"/Users/ashayasinha/Documents/Work/NAMASTE-REACT/src/components/ItemList.jsx": {"path":"/Users/ashayasinha/Documents/Work/NAMASTE-REACT/src/components/ItemList.jsx","statementMap":{"0":{"start":{"line":4,"column":16},"end":{"line":4,"column":79}},"1":{"start":{"line":5,"column":17},"end":{"line":30,"column":1}},"2":{"start":{"line":7,"column":20},"end":{"line":7,"column":33}},"3":{"start":{"line":8,"column":25},"end":{"line":10,"column":4}},"4":{"start":{"line":9,"column":4},"end":{"line":9,"column":27}},"5":{"start":{"line":11,"column":4},"end":{"line":29,"column":6}},"6":{"start":{"line":13,"column":12},"end":{"line":26,"column":18}},"7":{"start":{"line":19,"column":35},"end":{"line":19,"column":54}}},"fnMap":{"0":{"name":"(anonymous_0)","decl":{"start":{"line":5,"column":17},"end":{"line":5,"column":18}},"loc":{"start":{"line":5,"column":28},"end":{"line":30,"column":1}},"line":5},"1":{"name":"(anonymous_1)","decl":{"start":{"line":8,"column":25},"end":{"line":8,"column":26}},"loc":{"start":{"line":8,"column":35},"end":{"line":10,"column":4}},"line":8},"2":{"name":"(anonymous_2)","decl":{"start":{"line":12,"column":24},"end":{"line":12,"column":25}},"loc":{"start":{"line":13,"column":12},"end":{"line":26,"column":18}},"line":13},"3":{"name":"(anonymous_3)","decl":{"start":{"line":19,"column":29},"end":{"line":19,"column":30}},"loc":{"start":{"line":19,"column":35},"end":{"line":19,"column":54}},"line":19}},"branchMap":{"0":{"loc":{"start":{"line":17,"column":21},"end":{"line":17,"column":186}},"type":"binary-expr","locations":[{"start":{"line":17,"column":21},"end":{"line":17,"column":43}},{"start":{"line":17,"column":47},"end":{"line":17,"column":186}}],"line":17},"1":{"loc":{"start":{"line":17,"column":70},"end":{"line":17,"column":129}},"type":"cond-expr","locations":[{"start":{"line":17,"column":117},"end":{"line":17,"column":124}},{"start":{"line":17,"column":127},"end":{"line":17,"column":129}}],"line":17}},"s":{"0":1,"1":1,"2":5,"3":5,"4":2,"5":5,"6":8,"7":2},"f":{"0":5,"1":2,"2":8,"3":2},"b":{"0":[8,7],"1":[0,7]},"_coverageSchema":"1a1c01bbd47fc00a2c39e90264f33305004495a9","hash":"86e8593c947d960fff536b7af4954e028127080a"}
,"/Users/ashayasinha/Documents/Work/NAMASTE-REACT/src/components/RestaurantCard.js": {"path":"/Users/ashayasinha/Documents/Work/NAMASTE-REACT/src/components/RestaurantCard.js","statementMap":{"0":{"start":{"line":1,"column":23},"end":{"line":22,"column":3}},"1":{"start":{"line":2,"column":4},"end":{"line":5,"column":5}},"2":{"start":{"line":3,"column":8},"end":{"line":3,"column":58}},"3":{"start":{"line":4,"column":8},"end":{"line":4,"column":20}},"4":{"start":{"line":6,"column":65},"end":{"line":6,"column":77}},"5":{"start":{"line":9,"column":4},"end":{"line":21,"column":6}}},"fnMap":{"0":{"name":"(anonymous_0)","decl":{"start":{"line":1,"column":23},"end":{"line":1,"column":24}},"loc":{"start":{"line":1,"column":38},"end":{"line":22,"column":3}},"line":1}},"branchMap":{"0":{"loc":{"start":{"line":2,"column":4},"end":{"line":5,"column":5}},"type":"if","locations":[{"start":{"line":2,"column":4},"end":{"line":5,"column":5}},{"start":{},"end":{}}],"line":2},"1":{"loc":{"start":{"line":2,"column":8},"end":{"line":2,"column":33}},"type":"binary-expr","locations":[{"start":{"line":2,"column":8},"end":{"line":2,"column":16}},{"start":{"line":2,"column":20},"end":{"line":2,"column":33}}],"line":2}},"s":{"0":2,"1":58,"2":0,"3":0,"4":58,"5":58},"f":{"0":58},"b":{"0":[0,58],"1":[58,58]},"_coverageSchema":"1a1c01bbd47fc00a2c39e90264f33305004495a9","hash":"fc8da0c3467b9b517697d151e176e00944b4afa3"}
,"/Users/ashayasinha/Documents/Work/NAMASTE-REACT/src/components/RestaurantMenu.js": {"path":"/Users/ashayasinha/Documents/Work/NAMASTE-REACT/src/components/RestaurantMenu.js","statementMap":{"0":{"start":{"line":8,"column":23},"end":{"line":48,"column":1}},"1":{"start":{"line":10,"column":20},"end":{"line":10,"column":31}},"2":{"start":{"line":12,"column":20},"end":{"line":12,"column":44}},"3":{"start":{"line":13,"column":38},"end":{"line":13,"column":52}},"4":{"start":{"line":16,"column":4},"end":{"line":16,"column":45}},"5":{"start":{"line":16,"column":25},"end":{"line":16,"column":45}},"6":{"start":{"line":18,"column":67},"end":{"line":18,"column":102}},"7":{"start":{"line":20,"column":24},"end":{"line":20,"column":26}},"8":{"start":{"line":21,"column":25},"end":{"line":21,"column":85}},"9":{"start":{"line":22,"column":4},"end":{"line":22,"column":58}},"10":{"start":{"line":23,"column":4},"end":{"line":31,"column":7}},"11":{"start":{"line":24,"column":24},"end":{"line":24,"column":43}},"12":{"start":{"line":25,"column":23},"end":{"line":25,"column":64}},"13":{"start":{"line":26,"column":8},"end":{"line":26,"column":66}},"14":{"start":{"line":27,"column":8},"end":{"line":29,"column":9}},"15":{"start":{"line":28,"column":12},"end":{"line":28,"column":55}},"16":{"start":{"line":32,"column":4},"end":{"line":32,"column":48}},"17":{"start":{"line":34,"column":24},"end":{"line":34,"column":188}},"18":{"start":{"line":34,"column":99},"end":{"line":34,"column":187}},"19":{"start":{"line":35,"column":4},"end":{"line":35,"column":52}},"20":{"start":{"line":39,"column":4},"end":{"line":47,"column":6}},"21":{"start":{"line":43,"column":49},"end":{"line":45,"column":56}},"22":{"start":{"line":45,"column":34},"end":{"line":45,"column":53}}},"fnMap":{"0":{"name":"(anonymous_0)","decl":{"start":{"line":8,"column":23},"end":{"line":8,"column":24}},"loc":{"start":{"line":8,"column":28},"end":{"line":48,"column":1}},"line":8},"1":{"name":"(anonymous_1)","decl":{"start":{"line":23,"column":73},"end":{"line":23,"column":74}},"loc":{"start":{"line":23,"column":84},"end":{"line":31,"column":5}},"line":23},"2":{"name":"(anonymous_2)","decl":{"start":{"line":34,"column":92},"end":{"line":34,"column":93}},"loc":{"start":{"line":34,"column":99},"end":{"line":34,"column":187}},"line":34},"3":{"name":"(anonymous_3)","decl":{"start":{"line":43,"column":29},"end":{"line":43,"column":30}},"loc":{"start":{"line":43,"column":49},"end":{"line":45,"column":56}},"line":43},"4":{"name":"(anonymous_4)","decl":{"start":{"line":45,"column":28},"end":{"line":45,"column":29}},"loc":{"start":{"line":45,"column":34},"end":{"line":45,"column":53}},"line":45}},"branchMap":{"0":{"loc":{"start":{"line":16,"column":4},"end":{"line":16,"column":45}},"type":"if","locations":[{"start":{"line":16,"column":4},"end":{"line":16,"column":45}},{"start":{},"end":{}}],"line":16},"1":{"loc":{"start":{"line":27,"column":8},"end":{"line":29,"column":9}},"type":"if","locations":[{"start":{"line":27,"column":8},"end":{"line":29,"column":9}},{"start":{},"end":{}}],"line":27},"2":{"loc":{"start":{"line":27,"column":11},"end":{"line":27,"column":68}},"type":"binary-expr","locations":[{"start":{"line":27,"column":11},"end":{"line":27,"column":38}},{"start":{"line":27,"column":42},"end":{"line":27,"column":68}}],"line":27},"3":{"loc":{"start":{"line":44,"column":23},"end":{"line":44,"column":57}},"type":"cond-expr","locations":[{"start":{"line":44,"column":45},"end":{"line":44,"column":49}},{"start":{"line":44,"column":52},"end":{"line":44,"column":57}}],"line":44}},"s":{"0":1,"1":3,"2":3,"3":3,"4":3,"5":1,"6":2,"7":2,"8":2,"9":2,"10":2,"11":28,"12":28,"13":28,"14":28,"15":12,"16":2,"17":2,"18":28,"19":2,"20":2,"21":12,"22":1},"f":{"0":3,"1":28,"2":28,"3":12,"4":1},"b":{"0":[1,2],"1":[12,16],"2":[28,12],"3":[1,11]},"_coverageSchema":"1a1c01bbd47fc00a2c39e90264f33305004495a9","hash":"35318c8ca37f62c0990fd55e1ba6a60a2a809e7b"}
,"/Users/ashayasinha/Documents/Work/NAMASTE-REACT/src/components/body.js": {"path":"/Users/ashayasinha/Documents/Work/NAMASTE-REACT/src/components/body.js","statementMap":{"0":{"start":{"line":8,"column":13},"end":{"line":114,"column":1}},"1":{"start":{"line":9,"column":52},"end":{"line":9,"column":64}},"2":{"start":{"line":10,"column":38},"end":{"line":10,"column":50}},"3":{"start":{"line":12,"column":2},"end":{"line":14,"column":9}},"4":{"start":{"line":13,"column":4},"end":{"line":13,"column":16}},"5":{"start":{"line":16,"column":20},"end":{"line":52,"column":3}},"6":{"start":{"line":17,"column":5},"end":{"line":51,"column":5}},"7":{"start":{"line":18,"column":23},"end":{"line":20,"column":7}},"8":{"start":{"line":22,"column":19},"end":{"line":22,"column":40}},"9":{"start":{"line":23,"column":6},"end":{"line":23,"column":41}},"10":{"start":{"line":25,"column":26},"end":{"line":30,"column":15}},"11":{"start":{"line":27,"column":20},"end":{"line":27,"column":78}},"12":{"start":{"line":29,"column":25},"end":{"line":29,"column":42}},"13":{"start":{"line":32,"column":6},"end":{"line":32,"column":47}},"14":{"start":{"line":34,"column":33},"end":{"line":44,"column":9}},"15":{"start":{"line":34,"column":60},"end":{"line":44,"column":7}},"16":{"start":{"line":47,"column":6},"end":{"line":47,"column":47}},"17":{"start":{"line":50,"column":6},"end":{"line":50,"column":51}},"18":{"start":{"line":54,"column":23},"end":{"line":54,"column":40}},"19":{"start":{"line":55,"column":2},"end":{"line":56,"column":40}},"20":{"start":{"line":55,"column":29},"end":{"line":56,"column":40}},"21":{"start":{"line":58,"column":38},"end":{"line":58,"column":61}},"22":{"start":{"line":61,"column":2},"end":{"line":113,"column":4}},"23":{"start":{"line":65,"column":150},"end":{"line":65,"column":180}},"24":{"start":{"line":68,"column":29},"end":{"line":68,"column":52}},"25":{"start":{"line":70,"column":43},"end":{"line":72,"column":19}},"26":{"start":{"line":71,"column":20},"end":{"line":71,"column":83}},"27":{"start":{"line":74,"column":16},"end":{"line":74,"column":57}},"28":{"start":{"line":83,"column":33},"end":{"line":85,"column":13}},"29":{"start":{"line":84,"column":23},"end":{"line":84,"column":47}},"30":{"start":{"line":86,"column":12},"end":{"line":86,"column":47}},"31":{"start":{"line":87,"column":12},"end":{"line":87,"column":43}},"32":{"start":{"line":98,"column":28},"end":{"line":98,"column":55}},"33":{"start":{"line":108,"column":12},"end":{"line":108,"column":118}}},"fnMap":{"0":{"name":"(anonymous_0)","decl":{"start":{"line":8,"column":13},"end":{"line":8,"column":14}},"loc":{"start":{"line":8,"column":19},"end":{"line":114,"column":1}},"line":8},"1":{"name":"(anonymous_1)","decl":{"start":{"line":12,"column":12},"end":{"line":12,"column":13}},"loc":{"start":{"line":12,"column":18},"end":{"line":14,"column":3}},"line":12},"2":{"name":"(anonymous_2)","decl":{"start":{"line":16,"column":20},"end":{"line":16,"column":21}},"loc":{"start":{"line":16,"column":32},"end":{"line":52,"column":3}},"line":16},"3":{"name":"(anonymous_3)","decl":{"start":{"line":27,"column":10},"end":{"line":27,"column":11}},"loc":{"start":{"line":27,"column":20},"end":{"line":27,"column":78}},"line":27},"4":{"name":"(anonymous_4)","decl":{"start":{"line":29,"column":16},"end":{"line":29,"column":17}},"loc":{"start":{"line":29,"column":25},"end":{"line":29,"column":42}},"line":29},"5":{"name":"(anonymous_5)","decl":{"start":{"line":34,"column":49},"end":{"line":34,"column":50}},"loc":{"start":{"line":34,"column":60},"end":{"line":44,"column":7}},"line":34},"6":{"name":"(anonymous_6)","decl":{"start":{"line":65,"column":141},"end":{"line":65,"column":142}},"loc":{"start":{"line":65,"column":148},"end":{"line":65,"column":181}},"line":65},"7":{"name":"(anonymous_7)","decl":{"start":{"line":68,"column":23},"end":{"line":68,"column":24}},"loc":{"start":{"line":68,"column":28},"end":{"line":77,"column":13}},"line":68},"8":{"name":"(anonymous_8)","decl":{"start":{"line":70,"column":68},"end":{"line":70,"column":69}},"loc":{"start":{"line":71,"column":20},"end":{"line":71,"column":83}},"line":71},"9":{"name":"(anonymous_9)","decl":{"start":{"line":82,"column":19},"end":{"line":82,"column":20}},"loc":{"start":{"line":82,"column":25},"end":{"line":88,"column":11}},"line":82},"10":{"name":"(anonymous_10)","decl":{"start":{"line":84,"column":14},"end":{"line":84,"column":15}},"loc":{"start":{"line":84,"column":23},"end":{"line":84,"column":47}},"line":84},"11":{"name":"(anonymous_11)","decl":{"start":{"line":98,"column":22},"end":{"line":98,"column":23}},"loc":{"start":{"line":98,"column":28},"end":{"line":98,"column":55}},"line":98},"12":{"name":"(anonymous_12)","decl":{"start":{"line":107,"column":32},"end":{"line":107,"column":33}},"loc":{"start":{"line":108,"column":12},"end":{"line":108,"column":118}},"line":108}},"branchMap":{"0":{"loc":{"start":{"line":55,"column":2},"end":{"line":56,"column":40}},"type":"if","locations":[{"start":{"line":55,"column":2},"end":{"line":56,"column":40}},{"start":{},"end":{}}],"line":55},"1":{"loc":{"start":{"line":61,"column":9},"end":{"line":113,"column":3}},"type":"cond-expr","locations":[{"start":{"line":61,"column":42},"end":{"line":61,"column":53}},{"start":{"line":62,"column":4},"end":{"line":112,"column":10}}],"line":61},"2":{"loc":{"start":{"line":104,"column":9},"end":{"line":110,"column":9}},"type":"cond-expr","locations":[{"start":{"line":105,"column":10},"end":{"line":105,"column":39}},{"start":{"line":107,"column":10},"end":{"line":109,"column":12}}],"line":104}},"s":{"0":1,"1":4,"2":4,"3":4,"4":1,"5":4,"6":1,"7":1,"8":1,"9":1,"10":1,"11":12,"12":12,"13":1,"14":1,"15":28,"16":1,"17":0,"18":4,"19":4,"20":0,"21":4,"22":4,"23":1,"24":1,"25":1,"26":28,"27":1,"28":0,"29":0,"30":0,"31":0,"32":0,"33":57},"f":{"0":4,"1":1,"2":1,"3":12,"4":12,"5":28,"6":1,"7":1,"8":28,"9":0,"10":0,"11":0,"12":57},"b":{"0":[0,4],"1":[1,3],"2":[0,3]},"_coverageSchema":"1a1c01bbd47fc00a2c39e90264f33305004495a9","hash":"5ababd273efb1e096a776611ff30965e3552904c"}
,"/Users/ashayasinha/Documents/Work/NAMASTE-REACT/src/components/header.js": {"path":"/Users/ashayasinha/Documents/Work/NAMASTE-REACT/src/components/header.js","statementMap":{"0":{"start":{"line":6,"column":22},"end":{"line":36,"column":3}},"1":{"start":{"line":8,"column":44},"end":{"line":8,"column":61}},"2":{"start":{"line":10,"column":27},"end":{"line":10,"column":50}},"3":{"start":{"line":12,"column":22},"end":{"line":12,"column":63}},"4":{"start":{"line":12,"column":46},"end":{"line":12,"column":62}},"5":{"start":{"line":14,"column":4},"end":{"line":35,"column":6}},"6":{"start":{"line":29,"column":53},"end":{"line":29,"column":130}}},"fnMap":{"0":{"name":"(anonymous_0)","decl":{"start":{"line":6,"column":22},"end":{"line":6,"column":23}},"loc":{"start":{"line":6,"column":28},"end":{"line":36,"column":3}},"line":6},"1":{"name":"(anonymous_1)","decl":{"start":{"line":12,"column":35},"end":{"line":12,"column":36}},"loc":{"start":{"line":12,"column":46},"end":{"line":12,"column":62}},"line":12},"2":{"name":"(anonymous_2)","decl":{"start":{"line":29,"column":47},"end":{"line":29,"column":48}},"loc":{"start":{"line":29,"column":52},"end":{"line":30,"column":13}},"line":29}},"branchMap":{"0":{"loc":{"start":{"line":29,"column":53},"end":{"line":29,"column":129}},"type":"cond-expr","locations":[{"start":{"line":29,"column":78},"end":{"line":29,"column":103}},{"start":{"line":29,"column":105},"end":{"line":29,"column":129}}],"line":29}},"s":{"0":2,"1":9,"2":9,"3":9,"4":17,"5":9,"6":1},"f":{"0":9,"1":17,"2":1},"b":{"0":[1,0]},"_coverageSchema":"1a1c01bbd47fc00a2c39e90264f33305004495a9","hash":"0977c13df2408d1682c28a35bd13e3150e69d052"}
,"/Users/ashayasinha/Documents/Work/NAMASTE-REACT/src/components/sum.js": {"path":"/Users/ashayasinha/Documents/Work/NAMASTE-REACT/src/components/sum.js","statementMap":{"0":{"start":{"line":1,"column":19},"end":{"line":3,"column":1}},"1":{"start":{"line":2,"column":4},"end":{"line":2,"column":17}}},"fnMap":{"0":{"name":"(anonymous_0)","decl":{"start":{"line":1,"column":19},"end":{"line":1,"column":20}},"loc":{"start":{"line":1,"column":28},"end":{"line":3,"column":1}},"line":1}},"branchMap":{},"s":{"0":1,"1":1},"f":{"0":1},"b":{},"_coverageSchema":"1a1c01bbd47fc00a2c39e90264f33305004495a9","hash":"dc032b68892a573c42f2c9b67c9641656f423442"}
,"/Users/ashayasinha/Documents/Work/NAMASTE-REACT/src/utils/appStore.jsx": {"path":"/Users/ashayasinha/Documents/Work/NAMASTE-REACT/src/utils/appStore.jsx","statementMap":{"0":{"start":{"line":4,"column":18},"end":{"line":8,"column":2}}},"fnMap":{},"branchMap":{},"s":{"0":2},"f":{},"b":{},"_coverageSchema":"1a1c01bbd47fc00a2c39e90264f33305004495a9","hash":"3e87bb59e5f0b76e8087ef5c37b8bbd36210d129"}
}
