TN:
SF:src/components/Cart.jsx
FN:5,(anonymous_0)
FN:6,(anonymous_1)
FN:9,(anonymous_2)
FNF:3
FNH:3
FNDA:4,(anonymous_0)
FNDA:8,(anonymous_1)
FNDA:1,(anonymous_2)
DA:5,1
DA:6,8
DA:7,4
DA:9,4
DA:10,1
DA:12,4
LF:6
LH:6
BRDA:20,0,0,4
BRDA:20,0,1,2
BRF:2
BRH:2
end_of_record
TN:
SF:src/components/Contact.js
FN:1,(anonymous_0)
FNF:1
FNH:1
FNDA:3,(anonymous_0)
DA:1,1
DA:2,3
LF:2
LH:2
BRF:0
BRH:0
end_of_record
TN:
SF:src/components/ItemList.jsx
FN:5,(anonymous_0)
FN:8,(anonymous_1)
FN:12,(anonymous_2)
FN:19,(anonymous_3)
FNF:4
FNH:4
FNDA:5,(anonymous_0)
FNDA:2,(anonymous_1)
FNDA:8,(anonymous_2)
FNDA:2,(anonymous_3)
DA:4,1
DA:5,1
DA:7,5
DA:8,5
DA:9,2
DA:11,5
DA:13,8
DA:19,2
LF:8
LH:8
BRDA:17,0,0,8
BRDA:17,0,1,7
BRDA:17,1,0,0
BRDA:17,1,1,7
BRF:4
BRH:3
end_of_record
TN:
SF:src/components/RestaurantCard.js
FN:1,(anonymous_0)
FNF:1
FNH:1
FNDA:58,(anonymous_0)
DA:1,2
DA:2,58
DA:3,0
DA:4,0
DA:6,58
DA:9,58
LF:6
LH:4
BRDA:2,0,0,0
BRDA:2,0,1,58
BRDA:2,1,0,58
BRDA:2,1,1,58
BRF:4
BRH:3
end_of_record
TN:
SF:src/components/RestaurantMenu.js
FN:8,(anonymous_0)
FN:23,(anonymous_1)
FN:34,(anonymous_2)
FN:43,(anonymous_3)
FN:45,(anonymous_4)
FNF:5
FNH:5
FNDA:3,(anonymous_0)
FNDA:28,(anonymous_1)
FNDA:28,(anonymous_2)
FNDA:12,(anonymous_3)
FNDA:1,(anonymous_4)
DA:8,1
DA:10,3
DA:12,3
DA:13,3
DA:16,3
DA:18,2
DA:20,2
DA:21,2
DA:22,2
DA:23,2
DA:24,28
DA:25,28
DA:26,28
DA:27,28
DA:28,12
DA:32,2
DA:34,28
DA:35,2
DA:39,2
DA:43,12
DA:45,1
LF:21
LH:21
BRDA:16,0,0,1
BRDA:16,0,1,2
BRDA:27,1,0,12
BRDA:27,1,1,16
BRDA:27,2,0,28
BRDA:27,2,1,12
BRDA:44,3,0,1
BRDA:44,3,1,11
BRF:8
BRH:8
end_of_record
TN:
SF:src/components/body.js
FN:8,(anonymous_0)
FN:12,(anonymous_1)
FN:16,(anonymous_2)
FN:27,(anonymous_3)
FN:29,(anonymous_4)
FN:34,(anonymous_5)
FN:65,(anonymous_6)
FN:68,(anonymous_7)
FN:70,(anonymous_8)
FN:82,(anonymous_9)
FN:84,(anonymous_10)
FN:98,(anonymous_11)
FN:107,(anonymous_12)
FNF:13
FNH:10
FNDA:4,(anonymous_0)
FNDA:1,(anonymous_1)
FNDA:1,(anonymous_2)
FNDA:12,(anonymous_3)
FNDA:12,(anonymous_4)
FNDA:28,(anonymous_5)
FNDA:1,(anonymous_6)
FNDA:1,(anonymous_7)
FNDA:28,(anonymous_8)
FNDA:0,(anonymous_9)
FNDA:0,(anonymous_10)
FNDA:0,(anonymous_11)
FNDA:57,(anonymous_12)
DA:8,1
DA:9,4
DA:10,4
DA:12,4
DA:13,1
DA:16,4
DA:17,1
DA:18,1
DA:22,1
DA:23,1
DA:25,1
DA:27,12
DA:29,12
DA:32,1
DA:34,28
DA:47,1
DA:50,0
DA:54,4
DA:55,4
DA:58,4
DA:61,4
DA:65,1
DA:68,1
DA:70,1
DA:71,28
DA:74,1
DA:83,0
DA:84,0
DA:86,0
DA:87,0
DA:98,0
DA:108,57
LF:32
LH:26
BRDA:55,0,0,0
BRDA:55,0,1,4
BRDA:61,1,0,1
BRDA:61,1,1,3
BRDA:104,2,0,0
BRDA:104,2,1,3
BRF:6
BRH:4
end_of_record
TN:
SF:src/components/header.js
FN:6,(anonymous_0)
FN:12,(anonymous_1)
FN:29,(anonymous_2)
FNF:3
FNH:3
FNDA:9,(anonymous_0)
FNDA:17,(anonymous_1)
FNDA:1,(anonymous_2)
DA:6,2
DA:8,9
DA:10,9
DA:12,17
DA:14,9
DA:29,1
LF:6
LH:6
BRDA:29,0,0,1
BRDA:29,0,1,0
BRF:2
BRH:1
end_of_record
TN:
SF:src/components/sum.js
FN:1,(anonymous_0)
FNF:1
FNH:1
FNDA:1,(anonymous_0)
DA:1,1
DA:2,1
LF:2
LH:2
BRF:0
BRH:0
end_of_record
TN:
SF:src/utils/appStore.jsx
FNF:0
FNH:0
DA:4,2
LF:1
LH:1
BRF:0
BRH:0
end_of_record
